<?xml version="1.0" encoding="UTF-8"?>
<!-- Generated by org.testng.reporters.JUnitReportReporter -->
<testsuite hostname="DESKTOP-DCNM1GP" failures="0" tests="2" name="com.EasyEMI.qa.TestCases.LoginPageTest" time="110.089" errors="0" timestamp="2021-03-27T11:03:33 IST" skipped="0">
  <testcase classname="com.EasyEMI.qa.TestCases.LoginPageTest" name="loginPageTitleTest" time="52.984"/>
  <system-out/>
  <testcase classname="com.EasyEMI.qa.TestCases.LoginPageTest" name="LogintoApplication" time="57.105"/>
  <system-out/>
</testsuite> <!-- com.EasyEMI.qa.TestCases.LoginPageTest -->
